生成启动时间为 2013/7/20 15:55:23。
     1>项目“D:\vs2020\fornanqian\qsort\qsort\qsort.vcxproj”在节点 2 上(build 个目标)。
     1>InitializeBuildStatus:
         正在对“Debug\qsort.unsuccessfulbuild”执行 Touch 任务。
       ClCompile:
         D:\softinstall\Visual Studio\VC\bin\CL.exe /c /ZI /nologo /W3 /WX- /Od /Oy- /D WIN32 /D _DEBUG /D _CONSOLE /D _UNICODE /D UNICODE /Gm /EHsc /RTC1 /MDd /GS /fp:precise /Zc:wchar_t /Zc:forScope /Fo"Debug\\" /Fd"Debug\vc100.pdb" /Gd /TP /analyze- /errorReport:prompt main.cpp
         main.cpp
     1>d:\vs2020\fornanqian\qsort\qsort\main.cpp(26): error C2065: “j”: 未声明的标识符
     1>d:\vs2020\fornanqian\qsort\qsort\main.cpp(28): error C2065: “j”: 未声明的标识符
     1>d:\vs2020\fornanqian\qsort\qsort\main.cpp(30): error C2065: “j”: 未声明的标识符
     1>d:\vs2020\fornanqian\qsort\qsort\main.cpp(30): error C2065: “j”: 未声明的标识符
     1>d:\vs2020\fornanqian\qsort\qsort\main.cpp(30): error C2065: “i”: 未声明的标识符
     1>d:\vs2020\fornanqian\qsort\qsort\main.cpp(30): error C2065: “j”: 未声明的标识符
     1>d:\vs2020\fornanqian\qsort\qsort\main.cpp(30): error C2065: “j”: 未声明的标识符
     1>d:\vs2020\fornanqian\qsort\qsort\main.cpp(30): error C2065: “i”: 未声明的标识符
     1>d:\vs2020\fornanqian\qsort\qsort\main.cpp(30): error C2065: “i”: 未声明的标识符
     1>d:\vs2020\fornanqian\qsort\qsort\main.cpp(35): error C2065: “i”: 未声明的标识符
     1>d:\vs2020\fornanqian\qsort\qsort\main.cpp(37): error C2065: “i”: 未声明的标识符
     1>d:\vs2020\fornanqian\qsort\qsort\main.cpp(39): error C2065: “j”: 未声明的标识符
     1>d:\vs2020\fornanqian\qsort\qsort\main.cpp(39): error C2065: “j”: 未声明的标识符
     1>d:\vs2020\fornanqian\qsort\qsort\main.cpp(39): error C2065: “i”: 未声明的标识符
     1>d:\vs2020\fornanqian\qsort\qsort\main.cpp(39): error C2065: “j”: 未声明的标识符
     1>d:\vs2020\fornanqian\qsort\qsort\main.cpp(39): error C2065: “j”: 未声明的标识符
     1>d:\vs2020\fornanqian\qsort\qsort\main.cpp(39): error C2065: “i”: 未声明的标识符
     1>d:\vs2020\fornanqian\qsort\qsort\main.cpp(39): error C2065: “i”: 未声明的标识符
     1>已完成生成项目“D:\vs2020\fornanqian\qsort\qsort\qsort.vcxproj”(build 个目标)的操作 - 失败。

生成失败。

已用时间 00:00:00.32
